<?xml version="1.0" encoding="UTF-8"?>
<!-- Generated by org.testng.reporters.JUnitXMLReporter -->
<testsuite hostname="HOME-PC" name="Test" tests="3" failures="0" timestamp="9 Feb 2017 22:57:35 GMT" time="52.06" errors="0">
  <testcase name="unAuthorisedUser" time="1.612" classname="Venntro.LoginExample"/>
  <testcase name="messageHelloWorld" time="2.137" classname="Venntro.DynamicLoading"/>
  <testcase name="loadingBar" time="9.526" classname="Venntro.CheckBoxSelection"/>
</testsuite> <!-- Test -->
